0[0.9995]  1[0.0005]  0
0[0.9998]  1[0.0002]  0
0[0.0116]  1[0.9884]  1
0[0.0224]  1[0.9776]  1
0[0.0161]  1[0.9839]  1
0[0.4708]  1[0.5292]  1
0[0.9996]  1[0.0004]  0
0[0.0022]  1[0.9978]  1
0[0.9838]  1[0.0162]  0
0[0.1534]  1[0.8466]  1
0[0.2463]  1[0.7537]  1
0[0.9988]  1[0.0012]  0
0[1.0000]  1[0.0000]  0
0[0.0170]  1[0.9830]  1
0[0.0530]  1[0.9470]  1
0[0.0161]  1[0.9839]  1
0[0.6496]  1[0.3504]  0
0[0.4404]  1[0.5596]  1
0[0.9801]  1[0.0199]  0
0[0.9998]  1[0.0002]  0
0[0.9994]  1[0.0006]  0
0[0.9996]  1[0.0004]  0
0[0.0126]  1[0.9874]  1
0[0.8638]  1[0.1362]  0
0[0.0284]  1[0.9716]  1
0[0.9999]  1[0.0001]  0
0[0.9996]  1[0.0004]  0
